<?xml version="1.0" encoding="UTF-8"?>
<!-- Generated by org.testng.reporters.JUnitReportReporter -->
<testsuite hostname="Vanita" failures="0" tests="1" name="com.ecommerce.testcases.LoginTest" time="3.946" errors="0" timestamp="11 Oct 2023 13:31:35 GMT" skipped="0">
  <testcase classname="com.ecommerce.testcases.LoginTest" name="Login" time="3.946"/>
</testsuite> <!-- com.ecommerce.testcases.LoginTest -->
