<?xml version="1.0" encoding="UTF-8"?>
<!-- Generated by org.testng.reporters.JUnitReportReporter -->
<testsuite hostname="Vanita" failures="0" tests="1" name="com.ecommerce.testcases.LoginTest" time="3.972" errors="0" timestamp="2023-10-12T20:41:35 IST" skipped="0">
  <testcase classname="com.ecommerce.testcases.LoginTest" name="Login" time="3.972"/>
  <system-out/>
</testsuite> <!-- com.ecommerce.testcases.LoginTest -->
